#
# There is insufficient memory for the Java Runtime Environment to continue.
# Native memory allocation (mmap) failed to map 117440512 bytes for G1 virtual space
# Possible reasons:
#   The system is out of physical RAM or swap space
#   The process is running with CompressedOops enabled, and the Java Heap may be blocking the growth of the native heap
# Possible solutions:
#   Reduce memory load on the system
#   Increase physical memory or swap space
#   Check if swap backing store is full
#   Decrease Java heap size (-Xmx/-Xms)
#   Decrease number of Java threads
#   Decrease Java thread stack sizes (-Xss)
#   Set larger code cache with -XX:ReservedCodeCacheSize=
#   JVM is running with Unscaled Compressed Oops mode in which the Java heap is
#     placed in the first 4GB address space. The Java Heap base address is the
#     maximum limit for the native heap growth. Please use -XX:HeapBaseMinAddress
#     to set the Java Heap base and to place the Java Heap above 4GB virtual address.
# This output file may be truncated or incomplete.
#
#  Out of Memory Error (os_windows.cpp:3528), pid=2076, tid=12216
#
# JRE version:  (20.0.1+9) (build )
# Java VM: Java HotSpot(TM) 64-Bit Server VM (20.0.1+9-29, mixed mode, sharing, tiered, compressed oops, compressed class ptrs, g1 gc, windows-amd64)
# No core dump will be written. Minidumps are not enabled by default on client versions of Windows
#

---------------  S U M M A R Y ------------

Command Line: -Dfile.encoding=UTF-8 --module-path=D:\TARUMT\Degree\sem5\Data Structure\AssignmentECBLatest\build\classes control.TeachingAssignment

Host: AMD Ryzen 5 3500U with Radeon Vega Mobile Gfx  , 8 cores, 6G,  Windows 10 , 64 bit Build 19041 (10.0.19041.3636)
Time: Sat Apr 20 14:45:59 2024 Malay Peninsula Standard Time elapsed time: 0.022614 seconds (0d 0h 0m 0s)

---------------  T H R E A D  ---------------

Current thread (0x00000275825d0bd0):  JavaThread "Unknown thread" [_thread_in_vm, id=12216, stack(0x000000aa7aa00000,0x000000aa7ab00000)]

Stack: [0x000000aa7aa00000,0x000000aa7ab00000]
Native frames: (J=compiled Java code, j=interpreted, Vv=VM code, C=native code)
V  [jvm.dll+0x6bb95a]
V  [jvm.dll+0x8485fa]
V  [jvm.dll+0x84a1f5]
V  [jvm.dll+0x84a8f3]
V  [jvm.dll+0x280b0f]
V  [jvm.dll+0x6b86e9]
V  [jvm.dll+0x6ad2da]
V  [jvm.dll+0x35adf5]
V  [jvm.dll+0x363016]
V  [jvm.dll+0x3b3b3e]
V  [jvm.dll+0x3b3dc5]
V  [jvm.dll+0x32b50a]
V  [jvm.dll+0x32c32b]
V  [jvm.dll+0x8112bf]
V  [jvm.dll+0x3c0d91]
V  [jvm.dll+0x7fcfe3]
V  [jvm.dll+0x44c76f]
V  [jvm.dll+0x44e0e1]
C  [jli.dll+0x5287]
C  [ucrtbase.dll+0x21bb2]
C  [KERNEL32.DLL+0x17344]
C  [ntdll.dll+0x526b1]


---------------  P R O C E S S  ---------------

Threads class SMR info:
_java_thread_list=0x00007ffbcc8ba098, length=0, elements={
}

Java Threads: ( => current thread )

Other Threads:
  0x0000027582628cf0 WorkerThread "GC Thread#0" [stack: 0x000000aa7ab00000,0x000000aa7ac00000] [id=19344]
  0x0000027582637920 ConcurrentGCThread "G1 Main Marker" [stack: 0x000000aa7ac00000,0x000000aa7ad00000] [id=11252]
  0x00000275826393b0 WorkerThread "G1 Conc#0" [stack: 0x000000aa7ad00000,0x000000aa7ae00000] [id=11116]

[error occurred during error reporting (printing all threads), id 0xc0000005, EXCEPTION_ACCESS_VIOLATION (0xc0000005) at pc=0x00007ffbcc09eb47]
VM state: not at safepoint (not fully initialized)

VM Mutex/Monitor currently owned by a thread:  ([mutex/lock_event])
[0x00000275825cba80] Heap_lock - owner thread: 0x00000275825d0bd0

Heap address: 0x0000000091000000, size: 1776 MB, Compressed Oops mode: 32-bit

CDS archive(s) mapped at: [0x0000000000000000-0x0000000000000000-0x0000000000000000), size 0, SharedBaseAddress: 0x0000000800000000, ArchiveRelocationMode: 0.
Narrow klass base: 0x0000000000000000, Narrow klass shift: 0, Narrow klass range: 0x0

GC Precious Log:
 CardTable entry size: 512
 Card Set container configuration: InlinePtr #cards 5 size 8 Array Of Cards #cards 12 size 40 Howl #buckets 4 coarsen threshold 1843 Howl Bitmap #cards 512 size 80 coarsen threshold 460 Card regions per heap region 1 cards per card region 2048

Heap:
 garbage-first heap   total 0K, used 0K [0x0000000091000000, 0x0000000100000000)
  region size 1024K, 0 young (0K), 0 survivors (0K)

[error occurred during error reporting (printing heap information), id 0xc0000005, EXCEPTION_ACCESS_VIOLATION (0xc0000005) at pc=0x00007ffbcc473c59]
GC Heap History (0 events):
No events

Dll operation events (1 events):
Event: 0.010 Loaded shared library D:\java\bin\java.dll

Deoptimization events (0 events):
No events

Classes loaded (0 events):
No events

Classes unloaded (0 events):
No events

Classes redefined (0 events):
No events

Internal exceptions (0 events):
No events

VM Operations (0 events):
No events

Events (0 events):
No events


Dynamic libraries:
0x00007ff720ac0000 - 0x00007ff720ad0000 	D:\java\bin\java.exe
0x00007ffc38dd0000 - 0x00007ffc38fc8000 	C:\WINDOWS\SYSTEM32\ntdll.dll
0x00007ffc386b0000 - 0x00007ffc3876d000 	C:\WINDOWS\System32\KERNEL32.DLL
0x00007ffc36800000 - 0x00007ffc36af6000 	C:\WINDOWS\System32\KERNELBASE.dll
0x00007ffc36bb0000 - 0x00007ffc36cb0000 	C:\WINDOWS\System32\ucrtbase.dll
0x00007ffc30ce0000 - 0x00007ffc30cf9000 	D:\java\bin\jli.dll
0x00007ffc1f000000 - 0x00007ffc1f01b000 	D:\java\bin\VCRUNTIME140.dll
0x00007ffc36e70000 - 0x00007ffc36f20000 	C:\WINDOWS\System32\ADVAPI32.dll
0x00007ffc38450000 - 0x00007ffc384ee000 	C:\WINDOWS\System32\msvcrt.dll
0x00007ffc38be0000 - 0x00007ffc38c80000 	C:\WINDOWS\System32\sechost.dll
0x00007ffc37d10000 - 0x00007ffc37e33000 	C:\WINDOWS\System32\RPCRT4.dll
0x00007ffc36760000 - 0x00007ffc36787000 	C:\WINDOWS\System32\bcrypt.dll
0x00007ffc37e40000 - 0x00007ffc37fdf000 	C:\WINDOWS\System32\USER32.dll
0x00007ffc36dd0000 - 0x00007ffc36df2000 	C:\WINDOWS\System32\win32u.dll
0x00007ffc25ab0000 - 0x00007ffc25d4a000 	C:\WINDOWS\WinSxS\amd64_microsoft.windows.common-controls_6595b64144ccf1df_6.0.19041.3636_none_60b6a03d71f818d5\COMCTL32.dll
0x00007ffc38d60000 - 0x00007ffc38d8b000 	C:\WINDOWS\System32\GDI32.dll
0x00007ffc36cb0000 - 0x00007ffc36dc7000 	C:\WINDOWS\System32\gdi32full.dll
0x00007ffc36560000 - 0x00007ffc365fd000 	C:\WINDOWS\System32\msvcp_win.dll
0x00007ffc2cc90000 - 0x00007ffc2cc9a000 	C:\WINDOWS\SYSTEM32\VERSION.dll
0x00007ffc38270000 - 0x00007ffc382a2000 	C:\WINDOWS\System32\IMM32.DLL
0x00007ffc1eff0000 - 0x00007ffc1effc000 	D:\java\bin\vcruntime140_1.dll
0x00007ffbce290000 - 0x00007ffbce31e000 	D:\java\bin\msvcp140.dll
0x00007ffbcbd60000 - 0x00007ffbcc9f7000 	D:\java\bin\server\jvm.dll
0x00007ffc34c20000 - 0x00007ffc34c47000 	C:\WINDOWS\SYSTEM32\WINMM.dll
0x00007ffc1b290000 - 0x00007ffc1b299000 	C:\WINDOWS\SYSTEM32\WSOCK32.dll
0x00007ffc38090000 - 0x00007ffc380fb000 	C:\WINDOWS\System32\WS2_32.dll
0x00007ffc34cd0000 - 0x00007ffc34ce2000 	C:\WINDOWS\SYSTEM32\kernel.appcore.dll
0x00007ffc1ef70000 - 0x00007ffc1ef7a000 	D:\java\bin\jimage.dll
0x00007ffc34020000 - 0x00007ffc34204000 	C:\WINDOWS\SYSTEM32\DBGHELP.DLL
0x00007ffc20280000 - 0x00007ffc202b4000 	C:\WINDOWS\SYSTEM32\dbgcore.DLL
0x00007ffc364d0000 - 0x00007ffc36552000 	C:\WINDOWS\System32\bcryptPrimitives.dll
0x00007ffc1ef80000 - 0x00007ffc1efa6000 	D:\java\bin\java.dll

dbghelp: loaded successfully - version: 4.0.5 - missing functions: none
symbol engine: initialized successfully - sym options: 0x614 - pdb path: .;D:\java\bin;C:\WINDOWS\SYSTEM32;C:\WINDOWS\WinSxS\amd64_microsoft.windows.common-controls_6595b64144ccf1df_6.0.19041.3636_none_60b6a03d71f818d5;D:\java\bin\server

VM Arguments:
jvm_args: -Dfile.encoding=UTF-8 --module-path=D:\TARUMT\Degree\sem5\Data Structure\AssignmentECBLatest\build\classes 
java_command: control.TeachingAssignment
java_class_path (initial): D:\TARUMT\Degree\sem5\Data Structure\AssignmentECBLatest\build\classes
Launcher Type: SUN_STANDARD

[Global flags]
     intx CICompilerCount                          = 4                                         {product} {ergonomic}
     uint ConcGCThreads                            = 2                                         {product} {ergonomic}
     uint G1ConcRefinementThreads                  = 8                                         {product} {ergonomic}
   size_t G1HeapRegionSize                         = 1048576                                   {product} {ergonomic}
    uintx GCDrainStackTargetSize                   = 64                                        {product} {ergonomic}
   size_t InitialHeapSize                          = 117440512                                 {product} {ergonomic}
   size_t MarkStackSize                            = 4194304                                   {product} {ergonomic}
   size_t MaxHeapSize                              = 1862270976                                {product} {ergonomic}
   size_t MinHeapDeltaBytes                        = 1048576                                   {product} {ergonomic}
   size_t MinHeapSize                              = 8388608                                   {product} {ergonomic}
    uintx NonNMethodCodeHeapSize                   = 5839372                                {pd product} {ergonomic}
    uintx NonProfiledCodeHeapSize                  = 122909434                              {pd product} {ergonomic}
    uintx ProfiledCodeHeapSize                     = 122909434                              {pd product} {ergonomic}
    uintx ReservedCodeCacheSize                    = 251658240                              {pd product} {ergonomic}
     bool SegmentedCodeCache                       = true                                      {product} {ergonomic}
   size_t SoftMaxHeapSize                          = 1862270976                             {manageable} {ergonomic}
     bool UseCompressedClassPointers               = true                           {product lp64_product} {ergonomic}
     bool UseCompressedOops                        = true                           {product lp64_product} {ergonomic}
     bool UseG1GC                                  = true                                      {product} {ergonomic}
     bool UseLargePagesIndividualAllocation        = false                                  {pd product} {ergonomic}

Logging:
Log output configuration:
 #0: stdout all=warning uptime,level,tags foldmultilines=false
 #1: stderr all=off uptime,level,tags foldmultilines=false

Environment Variables:
PATH=D:\oracle\app\oracle\product\11.2.0\server\bin;C:\Program Files\Common Files\Oracle\Java\javapath;C:\Program Files (x86)\Razer Chroma SDK\bin;C:\Program Files\Razer Chroma SDK\bin;C:\Program Files (x86)\Razer\ChromaBroadcast\bin;C:\Program Files\Razer\ChromaBroadcast\bin;C:\WINDOWS\system32;C:\WINDOWS;C:\WINDOWS\System32\Wbem;C:\WINDOWS\System32\WindowsPowerShell\v1.0\;C:\WINDOWS\System32\OpenSSH\;C:\WINDOWS\system32\config\systemprofile\AppData\Local\Microsoft\WindowsApps;C:\Users\deede\AppData\Local\Programs\Python\Python39\Scripts\;C:\Users\deede\AppData\Local\Programs\Python\Python39\;C:\Users\deede\AppData\Local\Microsoft\WindowsApps;C:\Users\deede\AppData\Local\Programs\Microsoft VS Code\bin;C:\Program Files (x86)\Windows Kits\10\Windows Performance Toolkit\;C:\Users\deede\AppData\Local\Programs\Python\Python39\Scripts\;C:\Users\deede\AppData\Local\Programs\Python\Python39\;C:\Users\deede\AppData\Local\Microsoft\WindowsApps;C:\Users\deede\AppData\Local\Programs\Microsoft VS Code\bin;C:\MinGW\bin
USERNAME=deede
OS=Windows_NT
PROCESSOR_IDENTIFIER=AMD64 Family 23 Model 24 Stepping 1, AuthenticAMD
TMP=C:\Users\deede\AppData\Local\Temp
TEMP=C:\Users\deede\AppData\Local\Temp




---------------  S Y S T E M  ---------------

OS:
 Windows 10 , 64 bit Build 19041 (10.0.19041.3636)
OS uptime: 0 days 14:05 hours

CPU: total 8 (initial active 8) (8 cores per cpu, 2 threads per core) family 23 model 24 stepping 1 microcode 0x0, cx8, cmov, fxsr, ht, mmx, 3dnowpref, sse, sse2, sse3, ssse3, sse4a, sse4.1, sse4.2, popcnt, lzcnt, tsc, tscinvbit, avx, avx2, aes, clmul, bmi1, bmi2, adx, sha, fma, vzeroupper, clflush, clflushopt, rdtscp, f16c

Memory: 4k page, system-wide physical 7103M (1537M free)
TotalPageFile size 16429M (AvailPageFile size 38M)
current process WorkingSet (physical memory assigned to process): 10M, peak: 10M
current process commit charge ("private bytes"): 60M, peak: 172M

vm_info: Java HotSpot(TM) 64-Bit Server VM (20.0.1+9-29) for windows-amd64 JRE (20.0.1+9-29), built on 2023-03-07T13:56:11Z by "mach5one" with MS VC++ 17.1 (VS2022)

END.
